#
# A fatal error has been detected by the Java Runtime Environment:
#
#  EXCEPTION_ACCESS_VIOLATION (0xc0000005) at pc=0x00007ff9507ac857, pid=13180, tid=10652
#
# JRE version: OpenJDK Runtime Environment (17.0.2+8) (build 17.0.2+8-86)
# Java VM: OpenJDK 64-Bit Server VM (17.0.2+8-86, mixed mode, sharing, tiered, compressed oops, compressed class ptrs, g1 gc, windows-amd64)
# Problematic frame:
# C  [lwjgl_opengl.dll+0xc857]
#
# No core dump will be written. Minidumps are not enabled by default on client versions of Windows
#
# If you would like to submit a bug report, please visit:
#   https://bugreport.java.com/bugreport/crash.jsp
# The crash happened outside the Java Virtual Machine in native code.
# See problematic frame for where to report the bug.
#

---------------  S U M M A R Y ------------

Command Line: -javaagent:C:\Program Files\JetBrains\IntelliJ IDEA Community Edition 2021.3.1\lib\idea_rt.jar=52428:C:\Program Files\JetBrains\IntelliJ IDEA Community Edition 2021.3.1\bin -Dfile.encoding=UTF-8 com.example.coproject.gui.System_info

Host: Intel(R) Core(TM) i7-8750H CPU @ 2.20GHz, 12 cores, 15G,  Windows 10 , 64 bit Build 19041 (10.0.19041.2788)
Time: Mon Apr 24 18:50:56 2023 GTB Daylight Time elapsed time: 0.324543 seconds (0d 0h 0m 0s)

---------------  T H R E A D  ---------------

Current thread (0x000001ab3305d130):  JavaThread "main" [_thread_in_native, id=10652, stack(0x0000001459000000,0x0000001459100000)]

Stack: [0x0000001459000000,0x0000001459100000],  sp=0x00000014590ff0c8,  free space=1020k
Native frames: (J=compiled Java code, j=interpreted, Vv=VM code, C=native code)
C  [lwjgl_opengl.dll+0xc857]

Java frames: (J=compiled Java code, j=interpreted, Vv=VM code)
j  org.lwjgl.opengl.GL11C.nglGetString(I)J+0
j  org.lwjgl.opengl.GL11C.glGetString(I)Ljava/lang/String;+1
j  org.lwjgl.opengl.GL11.glGetString(I)Ljava/lang/String;+1
j  com.example.coproject.gui.System_info.<clinit>()V+19
v  ~StubRoutines::call_stub

siginfo: EXCEPTION_ACCESS_VIOLATION (0xc0000005), reading address 0x0000000000000378


Register to memory mapping:

RIP=0x00007ff9507ac857 lwjgl_opengl.dll
RAX=0x000001ab571023c0 points into unknown readable memory: 0x0000000000000000 | 00 00 00 00 00 00 00 00
RBX={method} {0x000001ab568b9520} 'nglGetString' '(I)J' in 'org/lwjgl/opengl/GL11C'
RCX=0x0 is NULL
RDX=0x00000014590ff158 is pointing into the stack for thread: 0x000001ab3305d130
RSP=0x00000014590ff0c8 is pointing into the stack for thread: 0x000001ab3305d130
RBP=0x00000014590ff148 is pointing into the stack for thread: 0x000001ab3305d130
RSI=0x0000000000000130 is an unknown value
RDI=0x0000000000002d3a is an unknown value
R8 =0x0000000000001f01 is an unknown value
R9 =0x0000000000000002 is an unknown value
R10=0x000001ab3a8ad5f2 is at code_begin+946 in an Interpreter codelet
method entry point (kind = native)  [0x000001ab3a8ad240, 0x000001ab3a8adbc0]  2432 bytes
R11=0x0000000711d049c8 is an oop: java.lang.Class 
{0x0000000711d049c8} - klass: 'java/lang/Class'
 - ---- fields (total size 116 words):
 - private volatile transient 'classRedefinedCount' 'I' @12  0
 - private volatile transient 'cachedConstructor' 'Ljava/lang/reflect/Constructor;' @40  NULL (0)
 - private transient 'name' 'Ljava/lang/String;' @44  "org.lwjgl.opengl.GL11C"{0x0000000711d04d78} (e23a09af)
 - private transient 'module' 'Ljava/lang/Module;' @48  a 'java/lang/Module'{0x00000007122677b8} (e244cef7)
 - private final 'classLoader' 'Ljava/lang/ClassLoader;' @52  a 'jdk/internal/loader/ClassLoaders$AppClassLoader'{0x00000007122675f8} (e244cebf)
 - private transient 'classData' 'Ljava/lang/Object;' @56  NULL (0)
 - private transient 'packageName' 'Ljava/lang/String;' @60  "org.lwjgl.opengl"{0x0000000711e2aab0} (e23c5556)
 - private final 'componentType' 'Ljava/lang/Class;' @64  NULL (0)
 - private volatile transient 'reflectionData' 'Ljava/lang/ref/SoftReference;' @68  NULL (0)
 - private volatile transient 'genericInfo' 'Lsun/reflect/generics/repository/ClassRepository;' @72  NULL (0)
 - private volatile transient 'enumConstants' '[Ljava/lang/Object;' @76  NULL (0)
 - private volatile transient 'enumConstantDirectory' 'Ljava/util/Map;' @80  NULL (0)
 - private volatile transient 'annotationData' 'Ljava/lang/Class$AnnotationData;' @84  NULL (0)
 - private volatile transient 'annotationType' 'Lsun/reflect/annotation/AnnotationType;' @88  NULL (0)
 - transient 'classValueMap' 'Ljava/lang/ClassValue$ClassValueMap;' @92  NULL (0)
 - signature: Lorg/lwjgl/opengl/GL11C;
 - fake entry for mirror: 'org/lwjgl/opengl/GL11C'
 - fake entry for array: NULL
 - fake entry for oop_size: 116
 - fake entry for static_oop_field_count: 0
 - public static final 'GL_NEVER' 'I' @112  512 (200)
 - public static final 'GL_LESS' 'I' @116  513 (201)
 - public static final 'GL_EQUAL' 'I' @120  514 (202)
 - public static final 'GL_LEQUAL' 'I' @124  515 (203)
 - public static final 'GL_GREATER' 'I' @128  516 (204)
 - public static final 'GL_NOTEQUAL' 'I' @132  517 (205)
 - public static final 'GL_GEQUAL' 'I' @136  518 (206)
 - public static final 'GL_ALWAYS' 'I' @140  519 (207)
 - public static final 'GL_DEPTH_BUFFER_BIT' 'I' @144  256 (100)
 - public static final 'GL_STENCIL_BUFFER_BIT' 'I' @148  1024 (400)
 - public static final 'GL_COLOR_BUFFER_BIT' 'I' @152  16384 (4000)
 - public static final 'GL_POINTS' 'I' @156  0
 - public static final 'GL_LINES' 'I' @160  1
 - public static final 'GL_LINE_LOOP' 'I' @164  2
 - public static final 'GL_LINE_STRIP' 'I' @168  3
 - public static final 'GL_TRIANGLES' 'I' @172  4
 - public static final 'GL_TRIANGLE_STRIP' 'I' @176  5
 - public static final 'GL_TRIANGLE_FAN' 'I' @180  6
 - public static final 'GL_QUADS' 'I' @184  7
 - public static final 'GL_ZERO' 'I' @188  0
 - public static final 'GL_ONE' 'I' @192  1
 - public static final 'GL_SRC_COLOR' 'I' @196  768 (300)
 - public static final 'GL_ONE_MINUS_SRC_COLOR' 'I' @200  769 (301)
 - public static final 'GL_SRC_ALPHA' 'I' @204  770 (302)
 - public static final 'GL_ONE_MINUS_SRC_ALPHA' 'I' @208  771 (303)
 - public static final 'GL_DST_ALPHA' 'I' @212  772 (304)
 - public static final 'GL_ONE_MINUS_DST_ALPHA' 'I' @216  773 (305)
 - public static final 'GL_DST_COLOR' 'I' @220  774 (306)
 - public static final 'GL_ONE_MINUS_DST_COLOR' 'I' @224  775 (307)
 - public static final 'GL_SRC_ALPHA_SATURATE' 'I' @228  776 (308)
 - public static final 'GL_TRUE' 'I' @232  1
 - public static final 'GL_FALSE' 'I' @236  0
 - public static final 'GL_BYTE' 'I' @240  5120 (1400)
 - public static final 'GL_UNSIGNED_BYTE' 'I' @244  5121 (1401)
 - public static final 'GL_SHORT' 'I' @248  5122 (1402)
 - public static final 'GL_UNSIGNED_SHORT' 'I' @252  5123 (1403)
 - public static final 'GL_INT' 'I' @256  5124 (1404)
 - public static final 'GL_UNSIGNED_INT' 'I' @260  5125 (1405)
 - public static final 'GL_FLOAT' 'I' @264  5126 (1406)
 - public static final 'GL_DOUBLE' 'I' @268  5130 (140a)
 - public static final 'GL_NONE' 'I' @272  0
 - public static final 'GL_FRONT_LEFT' 'I' @276  1024 (400)
 - public static final 'GL_FRONT_RIGHT' 'I' @280  1025 (401)
 - public static final 'GL_BACK_LEFT' 'I' @284  1026 (402)
 - public static final 'GL_BACK_RIGHT' 'I' @288  1027 (403)
 - public static final 'GL_FRONT' 'I' @292  1028 (404)
 - public static final 'GL_BACK' 'I' @296  1029 (405)
 - public static final 'GL_LEFT' 'I' @300  1030 (406)
 - public static final 'GL_RIGHT' 'I' @304  1031 (407)
 - public static final 'GL_FRONT_AND_BACK' 'I' @308  1032 (408)
 - public static final 'GL_NO_ERROR' 'I' @312  0
 - public static final 'GL_INVALID_ENUM' 'I' @316  1280 (500)
 - public static final 'GL_INVALID_VALUE' 'I' @320  1281 (501)
 - public static final 'GL_INVALID_OPERATION' 'I' @324  1282 (502)
 - public static final 'GL_STACK_OVERFLOW' 'I' @328  1283 (503)
 - public static final 'GL_STACK_UNDERFLOW' 'I' @332  1284 (504)
 - public static final 'GL_OUT_OF_MEMORY' 'I' @336  1285 (505)
 - public static final 'GL_CW' 'I' @340  2304 (900)
 - public static final 'GL_CCW' 'I' @344  2305 (901)
 - public static final 'GL_POINT_SIZE' 'I' @348  2833 (b11)
 - public static final 'GL_POINT_SIZE_RANGE' 'I' @352  2834 (b12)
 - public static final 'GL_POINT_SIZE_GRANULARITY' 'I' @356  2835 (b13)
 - public static final 'GL_LINE_SMOOTH' 'I' @360  2848 (b20)
 - public static final 'GL_LINE_WIDTH' 'I' @364  2849 (b21)
 - public static final 'GL_LINE_WIDTH_RANGE' 'I' @368  2850 (b22)
 - public static final 'GL_LINE_WIDTH_GRANULARITY' 'I' @372  2851 (b23)
 - public static final 'GL_POLYGON_MODE' 'I' @376  2880 (b40)
 - public static final 'GL_POLYGON_SMOOTH' 'I' @380  2881 (b41)
 - public static final 'GL_CULL_FACE' 'I' @384  2884 (b44)
 - public static final 'GL_CULL_FACE_MODE' 'I' @388  2885 (b45)
 - public static final 'GL_FRONT_FACE' 'I' @392  2886 (b46)
 - public static final 'GL_DEPTH_RANGE' 'I' @396  2928 (b70)
 - public static final 'GL_DEPTH_TEST' 'I' @400  2929 (b71)
 - public static final 'GL_DEPTH_WRITEMASK' 'I' @404  2930 (b72)
 - public static final 'GL_DEPTH_CLEAR_VALUE' 'I' @408  2931 (b73)
 - public static final 'GL_DEPTH_FUNC' 'I' @412  2932 (b74)
 - public static final 'GL_STENCIL_TEST' 'I' @416  2960 (b90)
 - public static final 'GL_STENCIL_CLEAR_VALUE' 'I' @420  2961 (b91)
 - public static final 'GL_STENCIL_FUNC' 'I' @424  2962 (b92)
 - public static final 'GL_STENCIL_VALUE_MASK' 'I' @428  2963 (b93)
 - public static final 'GL_STENCIL_FAIL' 'I' @432  2964 (b94)
 - public static final 'GL_STENCIL_PASS_DEPTH_FAIL' 'I' @436  2965 (b95)
 - public static final 'GL_STENCIL_PASS_DEPTH_PASS' 'I' @440  2966 (b96)
 - public static final 'GL_STENCIL_REF' 'I' @444  2967 (b97)
 - public static final 'GL_STENCIL_WRITEMASK' 'I' @448  2968 (b98)
 - public static final 'GL_VIEWPORT' 'I' @452  2978 (ba2)
 - public static final 'GL_DITHER' 'I' @456  3024 (bd0)
 - public static final 'GL_BLEND_DST' 'I' @460  3040 (be0)
 - public static final 'GL_BLEND_SRC' 'I' @464  3041 (be1)
 - public static final 'GL_BLEND' 'I' @468  3042 (be2)
 - public static final 'GL_LOGIC_OP_MODE' 'I' @472  3056 (bf0)
 - public static final 'GL_COLOR_LOGIC_OP' 'I' @476  3058 (bf2)
 - public static final 'GL_DRAW_BUFFER' 'I' @480  3073 (c01)
 - public static final 'GL_READ_BUFFER' 'I' @484  3074 (c02)
 - public static final 'GL_SCISSOR_BOX' 'I' @488  3088 (c10)
 - public static final 'GL_SCISSOR_TEST' 'I' @492  3089 (c11)
 - public static final 'GL_COLOR_CLEAR_VALUE' 'I' @496  3106 (c22)
 - public static final 'GL_COLOR_WRITEMASK' 'I' @500  3107 (c23)
 - public static final 'GL_DOUBLEBUFFER' 'I' @504  3122 (c32)
 - public static final 'GL_STEREO' 'I' @508  3123 (c33)
 - public static final 'GL_LINE_SMOOTH_HINT' 'I' @512  3154 (c52)
 - public static final 'GL_POLYGON_SMOOTH_HINT' 'I' @516  3155 (c53)
 - public static final 'GL_UNPACK_SWAP_BYTES' 'I' @520  3312 (cf0)
 - public static final 'GL_UNPACK_LSB_FIRST' 'I' @524  3313 (cf1)
 - public static final 'GL_UNPACK_ROW_LENGTH' 'I' @528  3314 (cf2)
 - public static final 'GL_UNPACK_SKIP_ROWS' 'I' @532  3315 (cf3)
 - public static final 'GL_UNPACK_SKIP_PIXELS' 'I' @536  3316 (cf4)
 - public static final 'GL_UNPACK_ALIGNMENT' 'I' @540  3317 (cf5)
 - public static final 'GL_PACK_SWAP_BYTES' 'I' @544  3328 (d00)
 - public static final 'GL_PACK_LSB_FIRST' 'I' @548  3329 (d01)
 - public static final 'GL_PACK_ROW_LENGTH' 'I' @552  3330 (d02)
 - public static final 'GL_PACK_SKIP_ROWS' 'I' @556  3331 (d03)
 - public static final 'GL_PACK_SKIP_PIXELS' 'I' @560  3332 (d04)
 - public static final 'GL_PACK_ALIGNMENT' 'I' @564  3333 (d05)
 - public static final 'GL_MAX_TEXTURE_SIZE' 'I' @568  3379 (d33)
 - public static final 'GL_MAX_VIEWPORT_DIMS' 'I' @572  3386 (d3a)
 - public static final 'GL_SUBPIXEL_BITS' 'I' @576  3408 (d50)
 - public static final 'GL_TEXTURE_1D' 'I' @580  3552 (de0)
 - public static final 'GL_TEXTURE_2D' 'I' @584  3553 (de1)
 - public static final 'GL_TEXTURE_WIDTH' 'I' @588  4096 (1000)
 - public static final 'GL_TEXTURE_HEIGHT' 'I' @592  4097 (1001)
 - public static final 'GL_TEXTURE_INTERNAL_FORMAT' 'I' @596  4099 (1003)
 - public static final 'GL_TEXTURE_BORDER_COLOR' 'I' @600  4100 (1004)
 - public static final 'GL_DONT_CARE' 'I' @604  4352 (1100)
 - public static final 'GL_FASTEST' 'I' @608  4353 (1101)
 - public static final 'GL_NICEST' 'I' @612  4354 (1102)
 - public static final 'GL_CLEAR' 'I' @616  5376 (1500)
 - public static final 'GL_AND' 'I' @620  5377 (1501)
 - public static final 'GL_AND_REVERSE' 'I' @624  5378 (1502)
 - public static final 'GL_COPY' 'I' @628  5379 (1503)
 - public static final 'GL_AND_INVERTED' 'I' @632  5380 (1504)
 - public static final 'GL_NOOP' 'I' @636  5381 (1505)
 - public static final 'GL_XOR' 'I' @640  5382 (1506)
 - public static final 'GL_OR' 'I' @644  5383 (1507)
 - public static final 'GL_NOR' 'I' @648  5384 (1508)
 - public static final 'GL_EQUIV' 'I' @652  5385 (1509)
 - public static final 'GL_INVERT' 'I' @656  5386 (150a)
 - public static final 'GL_OR_REVERSE' 'I' @660  5387 (150b)
 - public static final 'GL_COPY_INVERTED' 'I' @664  5388 (150c)
 - public static final 'GL_OR_INVERTED' 'I' @668  5389 (150d)
 - public static final 'GL_NAND' 'I' @672  5390 (150e)
 - public static final 'GL_SET' 'I' @676  5391 (150f)
 - public static final 'GL_TEXTURE' 'I' @680  5890 (1702)
 - public static final 'GL_COLOR' 'I' @684  6144 (1800)
 - public static final 'GL_DEPTH' 'I' @688  6145 (1801)
 - public static final 'GL_STENCIL' 'I' @692  6146 (1802)
 - public static final 'GL_STENCIL_INDEX' 'I' @696  6401 (1901)
 - public static final 'GL_DEPTH_COMPONENT' 'I' @700  6402 (1902)
 - public static final 'GL_RED' 'I' @704  6403 (1903)
 - public static final 'GL_GREEN' 'I' @708  6404 (1904)
 - public static final 'GL_BLUE' 'I' @712  6405 (1905)
 - public static final 'GL_ALPHA' 'I' @716  6406 (1906)
 - public static final 'GL_RGB' 'I' @720  6407 (1907)
 - public static final 'GL_RGBA' 'I' @724  6408 (1908)
 - public static final 'GL_POINT' 'I' @728  6912 (1b00)
 - public static final 'GL_LINE' 'I' @732  6913 (1b01)
 - public static final 'GL_FILL' 'I' @736  6914 (1b02)
 - public static final 'GL_KEEP' 'I' @740  7680 (1e00)
 - public static final 'GL_REPLACE' 'I' @744  7681 (1e01)
 - public static final 'GL_INCR' 'I' @748  7682 (1e02)
 - public static final 'GL_DECR' 'I' @752  7683 (1e03)
 - public static final 'GL_VENDOR' 'I' @756  7936 (1f00)
 - public static final 'GL_RENDERER' 'I' @760  7937 (1f01)
 - public static final 'GL_VERSION' 'I' @764  7938 (1f02)
 - public static final 'GL_EXTENSIONS' 'I' @768  7939 (1f03)
 - public static final 'GL_NEAREST' 'I' @772  9728 (2600)
 - public static final 'GL_LINEAR' 'I' @776  9729 (2601)
 - public static final 'GL_NEAREST_MIPMAP_NEAREST' 'I' @780  9984 (2700)
 - public static final 'GL_LINEAR_MIPMAP_NEAREST' 'I' @784  9985 (2701)
 - public static final 'GL_NEAREST_MIPMAP_LINEAR' 'I' @788  9986 (2702)
 - public static final 'GL_LINEAR_MIPMAP_LINEAR' 'I' @792  9987 (2703)
 - public static final 'GL_TEXTURE_MAG_FILTER' 'I' @796  10240 (2800)
 - public static final 'GL_TEXTURE_MIN_FILTER' 'I' @800  10241 (2801)
 - public static final 'GL_TEXTURE_WRAP_S' 'I' @804  10242 (2802)
 - public static final 'GL_TEXTURE_WRAP_T' 'I' @808  10243 (2803)
 - public static final 'GL_REPEAT' 'I' @812  10497 (2901)
 - public static final 'GL_POLYGON_OFFSET_FACTOR' 'I' @816  32824 (8038)
 - public static final 'GL_POLYGON_OFFSET_UNITS' 'I' @820  10752 (2a00)
 - public static final 'GL_POLYGON_OFFSET_POINT' 'I' @824  10753 (2a01)
 - public static final 'GL_POLYGON_OFFSET_LINE' 'I' @828  10754 (2a02)
 - public static final 'GL_POLYGON_OFFSET_FILL' 'I' @832  32823 (8037)
 - public static final 'GL_R3_G3_B2' 'I' @836  10768 (2a10)
 - public static final 'GL_RGB4' 'I' @840  32847 (804f)
 - public static final 'GL_RGB5' 'I' @844  32848 (8050)
 - public static final 'GL_RGB8' 'I' @848  32849 (8051)
 - public static final 'GL_RGB10' 'I' @852  32850 (8052)
 - public static final 'GL_RGB12' 'I' @856  32851 (8053)
 - public static final 'GL_RGB16' 'I' @860  32852 (8054)
 - public static final 'GL_RGBA2' 'I' @864  32853 (8055)
 - public static final 'GL_RGBA4' 'I' @868  32854 (8056)
 - public static final 'GL_RGB5_A1' 'I' @872  32855 (8057)
 - public static final 'GL_RGBA8' 'I' @876  32856 (8058)
 - public static final 'GL_RGB10_A2' 'I' @880  32857 (8059)
 - public static final 'GL_RGBA12' 'I' @884  32858 (805a)
 - public static final 'GL_RGBA16' 'I' @888  32859 (805b)
 - public static final 'GL_TEXTURE_RED_SIZE' 'I' @892  32860 (805c)
 - public static final 'GL_TEXTURE_GREEN_SIZE' 'I' @896  32861 (805d)
 - public static final 'GL_TEXTURE_BLUE_SIZE' 'I' @900  32862 (805e)
 - public static final 'GL_TEXTURE_ALPHA_SIZE' 'I' @904  32863 (805f)
 - public static final 'GL_PROXY_TEXTURE_1D' 'I' @908  32867 (8063)
 - public static final 'GL_PROXY_TEXTURE_2D' 'I' @912  32868 (8064)
 - public static final 'GL_TEXTURE_BINDING_1D' 'I' @916  32872 (8068)
 - public static final 'GL_TEXTURE_BINDING_2D' 'I' @920  32873 (8069)
 - public static final 'GL_VERTEX_ARRAY' 'I' @924  32884 (8074)
R12=0x0 is NULL
R13={method} {0x000001ab568b9520} 'nglGetString' '(I)J' in 'org/lwjgl/opengl/GL11C'
R14=0x00000014590ff168 is pointing into the stack for thread: 0x000001ab3305d130
R15=0x000001ab3305d130 is a thread


Registers:
RAX=0x000001ab571023c0, RBX=0x000001ab568b9518, RCX=0x0000000000000000, RDX=0x00000014590ff158
RSP=0x00000014590ff0c8, RBP=0x00000014590ff148, RSI=0x0000000000000130, RDI=0x0000000000002d3a
R8 =0x0000000000001f01, R9 =0x0000000000000002, R10=0x000001ab3a8ad5f2, R11=0x0000000711d049c8
R12=0x0000000000000000, R13=0x000001ab568b9518, R14=0x00000014590ff168, R15=0x000001ab3305d130
RIP=0x00007ff9507ac857, EFLAGS=0x0000000000010202

Top of Stack: (sp=0x00000014590ff0c8)
0x00000014590ff0c8:   000001ab3a8ad621 000001ab568b9518
0x00000014590ff0d8:   0000000000000130 000001ab568b95f0
0x00000014590ff0e8:   000001ab3305d130 000001ab3305d130
0x00000014590ff0f8:   000001ab3a8ad2f6 00000014590ff100
0x00000014590ff108:   000001ab568b9518 00000014590ff168
0x00000014590ff118:   000001ab568c1f70 0000000000000000
0x00000014590ff128:   0000000711d049c8 000001ab568b9518
0x00000014590ff138:   0000000000000000 00000014590ff168
0x00000014590ff148:   00000014590ff1b8 000001ab3a8a95cd
0x00000014590ff158:   0000000711d049c8 000001ab3a8aaf77
0x00000014590ff168:   0000000000001f01 00000014590ff170
0x00000014590ff178:   000001ab568b95b1 00000014590ff1d8
0x00000014590ff188:   000001ab568c1f70 0000000000000000
0x00000014590ff198:   0000000711d049c8 000001ab568b95f0
0x00000014590ff1a8:   00000014590ff168 00000014590ff1d8
0x00000014590ff1b8:   00000014590ff228 000001ab3a8a9657 

Instructions: (pc=0x00007ff9507ac857)
0x00007ff9507ac757:   8b c8 4c 8b 50 18 49 ff a2 d8 02 00 00 cc cc cc
0x00007ff9507ac767:   cc cc cc cc cc cc cc cc cc 48 8b 01 49 8b d1 41
0x00007ff9507ac777:   8b c8 4c 8b 50 18 49 ff a2 e0 02 00 00 cc cc cc
0x00007ff9507ac787:   cc cc cc cc cc cc cc cc cc 48 8b 01 49 8b d1 41
0x00007ff9507ac797:   8b c8 4c 8b 50 18 49 ff a2 f0 02 00 00 cc cc cc
0x00007ff9507ac7a7:   cc cc cc cc cc cc cc cc cc 48 8b 01 49 8b d1 41
0x00007ff9507ac7b7:   8b c8 4c 8b 50 18 49 ff a2 f8 02 00 00 cc cc cc
0x00007ff9507ac7c7:   cc cc cc cc cc cc cc cc cc 48 8b 01 49 8b d1 41
0x00007ff9507ac7d7:   8b c8 4c 8b 50 18 49 ff a2 00 03 00 00 cc cc cc
0x00007ff9507ac7e7:   cc cc cc cc cc cc cc cc cc 48 8b 01 49 8b d1 41
0x00007ff9507ac7f7:   8b c8 4c 8b 50 18 49 ff a2 08 03 00 00 cc cc cc
0x00007ff9507ac807:   cc cc cc cc cc cc cc cc cc 48 8b 01 48 8b 48 18
0x00007ff9507ac817:   48 8b 81 10 03 00 00 48 ff e0 cc cc cc cc cc cc
0x00007ff9507ac827:   cc cc cc cc cc cc cc cc cc 48 8b 01 49 8b d1 41
0x00007ff9507ac837:   8b c8 4c 8b 50 18 49 ff a2 68 03 00 00 cc cc cc
0x00007ff9507ac847:   cc cc cc cc cc cc cc cc cc 48 8b 01 48 8b 48 18
0x00007ff9507ac857:   48 8b 81 78 03 00 00 41 8b c8 48 ff e0 cc cc cc
0x00007ff9507ac867:   cc cc cc cc cc cc cc cc cc 40 53 48 8b 01 41 8b
0x00007ff9507ac877:   d8 44 8b 44 24 30 41 8b d1 44 8b 4c 24 38 8b cb
0x00007ff9507ac887:   4c 8b 50 18 48 8b 44 24 40 48 89 44 24 30 5b 49
0x00007ff9507ac897:   ff a2 a8 03 00 00 cc cc cc 40 53 48 8b 01 41 8b
0x00007ff9507ac8a7:   d8 44 8b 44 24 30 41 8b d1 4c 8b 4c 24 38 8b cb
0x00007ff9507ac8b7:   4c 8b 50 18 5b 49 ff a2 b0 03 00 00 cc cc cc cc
0x00007ff9507ac8c7:   cc cc cc cc cc cc cc cc cc 40 53 48 8b 01 41 8b
0x00007ff9507ac8d7:   d8 44 8b 44 24 30 41 8b d1 4c 8b 4c 24 38 8b cb
0x00007ff9507ac8e7:   4c 8b 50 18 5b 49 ff a2 b8 03 00 00 cc cc cc cc
0x00007ff9507ac8f7:   cc cc cc cc cc cc cc cc cc 48 8b 01 45 8b d8 4c
0x00007ff9507ac907:   8b 44 24 28 41 8b d1 41 8b cb 4c 8b 50 18 49 ff
0x00007ff9507ac917:   a2 c0 03 00 00 cc cc cc cc 48 8b 01 45 8b d8 4c
0x00007ff9507ac927:   8b 44 24 28 41 8b d1 41 8b cb 4c 8b 50 18 49 ff
0x00007ff9507ac937:   a2 c8 03 00 00 cc cc cc cc 48 8b 01 41 8b d1 41
0x00007ff9507ac947:   8b c8 4c 8b 50 18 49 ff a2 d0 03 00 00 cc cc cc 


Stack slot to memory mapping:
stack at sp + 0 slots: 0x000001ab3a8ad621 is at code_begin+993 in an Interpreter codelet
method entry point (kind = native)  [0x000001ab3a8ad240, 0x000001ab3a8adbc0]  2432 bytes
stack at sp + 1 slots: {method} {0x000001ab568b9520} 'nglGetString' '(I)J' in 'org/lwjgl/opengl/GL11C'
stack at sp + 2 slots: 0x0000000000000130 is an unknown value
stack at sp + 3 slots: {method} {0x000001ab568b95f8} 'glGetString' '(I)Ljava/lang/String;' in 'org/lwjgl/opengl/GL11C'
stack at sp + 4 slots: 0x000001ab3305d130 is a thread
stack at sp + 5 slots: 0x000001ab3305d130 is a thread
stack at sp + 6 slots: 0x000001ab3a8ad2f6 is at code_begin+182 in an Interpreter codelet
method entry point (kind = native)  [0x000001ab3a8ad240, 0x000001ab3a8adbc0]  2432 bytes
stack at sp + 7 slots: 0x00000014590ff100 is pointing into the stack for thread: 0x000001ab3305d130


---------------  P R O C E S S  ---------------

Threads class SMR info:
_java_thread_list=0x000001ab57031840, length=13, elements={
0x000001ab3305d130, 0x000001ab5610ddf0, 0x000001ab5610e680, 0x000001ab56120e20,
0x000001ab561215e0, 0x000001ab56124450, 0x000001ab56124c20, 0x000001ab5612dd60,
0x000001ab5612e410, 0x000001ab5612f950, 0x000001ab56cd4d60, 0x000001ab56cd3080,
0x000001ab56cd6a40
}

Java Threads: ( => current thread )
=>0x000001ab3305d130 JavaThread "main" [_thread_in_native, id=10652, stack(0x0000001459000000,0x0000001459100000)]
  0x000001ab5610ddf0 JavaThread "Reference Handler" daemon [_thread_blocked, id=7528, stack(0x0000001459700000,0x0000001459800000)]
  0x000001ab5610e680 JavaThread "Finalizer" daemon [_thread_blocked, id=18320, stack(0x0000001459800000,0x0000001459900000)]
  0x000001ab56120e20 JavaThread "Signal Dispatcher" daemon [_thread_blocked, id=6504, stack(0x0000001459900000,0x0000001459a00000)]
  0x000001ab561215e0 JavaThread "Attach Listener" daemon [_thread_blocked, id=9884, stack(0x0000001459a00000,0x0000001459b00000)]
  0x000001ab56124450 JavaThread "Service Thread" daemon [_thread_blocked, id=11876, stack(0x0000001459b00000,0x0000001459c00000)]
  0x000001ab56124c20 JavaThread "Monitor Deflation Thread" daemon [_thread_blocked, id=15260, stack(0x0000001459c00000,0x0000001459d00000)]
  0x000001ab5612dd60 JavaThread "C2 CompilerThread0" daemon [_thread_blocked, id=14704, stack(0x0000001459d00000,0x0000001459e00000)]
  0x000001ab5612e410 JavaThread "C1 CompilerThread0" daemon [_thread_blocked, id=16716, stack(0x0000001459e00000,0x0000001459f00000)]
  0x000001ab5612f950 JavaThread "Sweeper thread" daemon [_thread_blocked, id=16136, stack(0x0000001459f00000,0x000000145a000000)]
  0x000001ab56cd4d60 JavaThread "Common-Cleaner" daemon [_thread_blocked, id=15020, stack(0x000000145a000000,0x000000145a100000)]
  0x000001ab56cd3080 JavaThread "Monitor Ctrl-Break" daemon [_thread_in_native, id=11160, stack(0x000000145a200000,0x000000145a300000)]
  0x000001ab56cd6a40 JavaThread "Notification Thread" daemon [_thread_blocked, id=7948, stack(0x000000145a300000,0x000000145a400000)]

Other Threads:
  0x000001ab56107210 VMThread "VM Thread" [stack: 0x0000001459600000,0x0000001459700000] [id=11672]
  0x000001ab330c4290 WatcherThread [stack: 0x000000145a400000,0x000000145a500000] [id=11012]
  0x000001ab330aaf10 GCTaskThread "GC Thread#0" [stack: 0x0000001459100000,0x0000001459200000] [id=4156]
  0x000001ab330bcb60 ConcurrentGCThread "G1 Main Marker" [stack: 0x0000001459200000,0x0000001459300000] [id=16632]
  0x000001ab330bdbb0 ConcurrentGCThread "G1 Conc#0" [stack: 0x0000001459300000,0x0000001459400000] [id=12072]
  0x000001ab33119780 ConcurrentGCThread "G1 Refine#0" [stack: 0x0000001459400000,0x0000001459500000] [id=12436]
  0x000001ab3311bc60 ConcurrentGCThread "G1 Service" [stack: 0x0000001459500000,0x0000001459600000] [id=2312]

Threads with active compile tasks:

VM state: not at safepoint (normal execution)

VM Mutex/Monitor currently owned by a thread: None

Heap address: 0x0000000702600000, size: 4058 MB, Compressed Oops mode: Zero based, Oop shift amount: 3

CDS archive(s) mapped at: [0x0000000800000000-0x0000000800bc0000-0x0000000800bc0000), size 12320768, SharedBaseAddress: 0x0000000800000000, ArchiveRelocationMode: 0.
Compressed class space mapped at: 0x0000000800c00000-0x0000000840c00000, reserved size: 1073741824
Narrow klass base: 0x0000000800000000, Narrow klass shift: 0, Narrow klass range: 0x100000000

GC Precious Log:
 CPUs: 12 total, 12 available
 Memory: 16231M
 Large Page Support: Disabled
 NUMA Support: Disabled
 Compressed Oops: Enabled (Zero based)
 Heap Region Size: 2M
 Heap Min Capacity: 8M
 Heap Initial Capacity: 254M
 Heap Max Capacity: 4058M
 Pre-touch: Disabled
 Parallel Workers: 10
 Concurrent Workers: 3
 Concurrent Refinement Workers: 10
 Periodic GC: Disabled

Heap:
 garbage-first heap   total 260096K, used 6144K [0x0000000702600000, 0x0000000800000000)
  region size 2048K, 4 young (8192K), 0 survivors (0K)
 Metaspace       used 2295K, committed 2496K, reserved 1056768K
  class space    used 174K, committed 256K, reserved 1048576K

Heap Regions: E=young(eden), S=young(survivor), O=old, HS=humongous(starts), HC=humongous(continues), CS=collection set, F=free, OA=open archive, CA=closed archive, TAMS=top-at-mark-start (previous, next)
|   0|0x0000000702600000, 0x0000000702600000, 0x0000000702800000|  0%| F|  |TAMS 0x0000000702600000, 0x0000000702600000| Untracked 
|   1|0x0000000702800000, 0x0000000702800000, 0x0000000702a00000|  0%| F|  |TAMS 0x0000000702800000, 0x0000000702800000| Untracked 
|   2|0x0000000702a00000, 0x0000000702a00000, 0x0000000702c00000|  0%| F|  |TAMS 0x0000000702a00000, 0x0000000702a00000| Untracked 
|   3|0x0000000702c00000, 0x0000000702c00000, 0x0000000702e00000|  0%| F|  |TAMS 0x0000000702c00000, 0x0000000702c00000| Untracked 
|   4|0x0000000702e00000, 0x0000000702e00000, 0x0000000703000000|  0%| F|  |TAMS 0x0000000702e00000, 0x0000000702e00000| Untracked 
|   5|0x0000000703000000, 0x0000000703000000, 0x0000000703200000|  0%| F|  |TAMS 0x0000000703000000, 0x0000000703000000| Untracked 
|   6|0x0000000703200000, 0x0000000703200000, 0x0000000703400000|  0%| F|  |TAMS 0x0000000703200000, 0x0000000703200000| Untracked 
|   7|0x0000000703400000, 0x0000000703400000, 0x0000000703600000|  0%| F|  |TAMS 0x0000000703400000, 0x0000000703400000| Untracked 
|   8|0x0000000703600000, 0x0000000703600000, 0x0000000703800000|  0%| F|  |TAMS 0x0000000703600000, 0x0000000703600000| Untracked 
|   9|0x0000000703800000, 0x0000000703800000, 0x0000000703a00000|  0%| F|  |TAMS 0x0000000703800000, 0x0000000703800000| Untracked 
|  10|0x0000000703a00000, 0x0000000703a00000, 0x0000000703c00000|  0%| F|  |TAMS 0x0000000703a00000, 0x0000000703a00000| Untracked 
|  11|0x0000000703c00000, 0x0000000703c00000, 0x0000000703e00000|  0%| F|  |TAMS 0x0000000703c00000, 0x0000000703c00000| Untracked 
|  12|0x0000000703e00000, 0x0000000703e00000, 0x0000000704000000|  0%| F|  |TAMS 0x0000000703e00000, 0x0000000703e00000| Untracked 
|  13|0x0000000704000000, 0x0000000704000000, 0x0000000704200000|  0%| F|  |TAMS 0x0000000704000000, 0x0000000704000000| Untracked 
|  14|0x0000000704200000, 0x0000000704200000, 0x0000000704400000|  0%| F|  |TAMS 0x0000000704200000, 0x0000000704200000| Untracked 
|  15|0x0000000704400000, 0x0000000704400000, 0x0000000704600000|  0%| F|  |TAMS 0x0000000704400000, 0x0000000704400000| Untracked 
|  16|0x0000000704600000, 0x0000000704600000, 0x0000000704800000|  0%| F|  |TAMS 0x0000000704600000, 0x0000000704600000| Untracked 
|  17|0x0000000704800000, 0x0000000704800000, 0x0000000704a00000|  0%| F|  |TAMS 0x0000000704800000, 0x0000000704800000| Untracked 
|  18|0x0000000704a00000, 0x0000000704a00000, 0x0000000704c00000|  0%| F|  |TAMS 0x0000000704a00000, 0x0000000704a00000| Untracked 
|  19|0x0000000704c00000, 0x0000000704c00000, 0x0000000704e00000|  0%| F|  |TAMS 0x0000000704c00000, 0x0000000704c00000| Untracked 
|  20|0x0000000704e00000, 0x0000000704e00000, 0x0000000705000000|  0%| F|  |TAMS 0x0000000704e00000, 0x0000000704e00000| Untracked 
|  21|0x0000000705000000, 0x0000000705000000, 0x0000000705200000|  0%| F|  |TAMS 0x0000000705000000, 0x0000000705000000| Untracked 
|  22|0x0000000705200000, 0x0000000705200000, 0x0000000705400000|  0%| F|  |TAMS 0x0000000705200000, 0x0000000705200000| Untracked 
|  23|0x0000000705400000, 0x0000000705400000, 0x0000000705600000|  0%| F|  |TAMS 0x0000000705400000, 0x0000000705400000| Untracked 
|  24|0x0000000705600000, 0x0000000705600000, 0x0000000705800000|  0%| F|  |TAMS 0x0000000705600000, 0x0000000705600000| Untracked 
|  25|0x0000000705800000, 0x0000000705800000, 0x0000000705a00000|  0%| F|  |TAMS 0x0000000705800000, 0x0000000705800000| Untracked 
|  26|0x0000000705a00000, 0x0000000705a00000, 0x0000000705c00000|  0%| F|  |TAMS 0x0000000705a00000, 0x0000000705a00000| Untracked 
|  27|0x0000000705c00000, 0x0000000705c00000, 0x0000000705e00000|  0%| F|  |TAMS 0x0000000705c00000, 0x0000000705c00000| Untracked 
|  28|0x0000000705e00000, 0x0000000705e00000, 0x0000000706000000|  0%| F|  |TAMS 0x0000000705e00000, 0x0000000705e00000| Untracked 
|  29|0x0000000706000000, 0x0000000706000000, 0x0000000706200000|  0%| F|  |TAMS 0x0000000706000000, 0x0000000706000000| Untracked 
|  30|0x0000000706200000, 0x0000000706200000, 0x0000000706400000|  0%| F|  |TAMS 0x0000000706200000, 0x0000000706200000| Untracked 
|  31|0x0000000706400000, 0x0000000706400000, 0x0000000706600000|  0%| F|  |TAMS 0x0000000706400000, 0x0000000706400000| Untracked 
|  32|0x0000000706600000, 0x0000000706600000, 0x0000000706800000|  0%| F|  |TAMS 0x0000000706600000, 0x0000000706600000| Untracked 
|  33|0x0000000706800000, 0x0000000706800000, 0x0000000706a00000|  0%| F|  |TAMS 0x0000000706800000, 0x0000000706800000| Untracked 
|  34|0x0000000706a00000, 0x0000000706a00000, 0x0000000706c00000|  0%| F|  |TAMS 0x0000000706a00000, 0x0000000706a00000| Untracked 
|  35|0x0000000706c00000, 0x0000000706c00000, 0x0000000706e00000|  0%| F|  |TAMS 0x0000000706c00000, 0x0000000706c00000| Untracked 
|  36|0x0000000706e00000, 0x0000000706e00000, 0x0000000707000000|  0%| F|  |TAMS 0x0000000706e00000, 0x0000000706e00000| Untracked 
|  37|0x0000000707000000, 0x0000000707000000, 0x0000000707200000|  0%| F|  |TAMS 0x0000000707000000, 0x0000000707000000| Untracked 
|  38|0x0000000707200000, 0x0000000707200000, 0x0000000707400000|  0%| F|  |TAMS 0x0000000707200000, 0x0000000707200000| Untracked 
|  39|0x0000000707400000, 0x0000000707400000, 0x0000000707600000|  0%| F|  |TAMS 0x0000000707400000, 0x0000000707400000| Untracked 
|  40|0x0000000707600000, 0x0000000707600000, 0x0000000707800000|  0%| F|  |TAMS 0x0000000707600000, 0x0000000707600000| Untracked 
|  41|0x0000000707800000, 0x0000000707800000, 0x0000000707a00000|  0%| F|  |TAMS 0x0000000707800000, 0x0000000707800000| Untracked 
|  42|0x0000000707a00000, 0x0000000707a00000, 0x0000000707c00000|  0%| F|  |TAMS 0x0000000707a00000, 0x0000000707a00000| Untracked 
|  43|0x0000000707c00000, 0x0000000707c00000, 0x0000000707e00000|  0%| F|  |TAMS 0x0000000707c00000, 0x0000000707c00000| Untracked 
|  44|0x0000000707e00000, 0x0000000707e00000, 0x0000000708000000|  0%| F|  |TAMS 0x0000000707e00000, 0x0000000707e00000| Untracked 
|  45|0x0000000708000000, 0x0000000708000000, 0x0000000708200000|  0%| F|  |TAMS 0x0000000708000000, 0x0000000708000000| Untracked 
|  46|0x0000000708200000, 0x0000000708200000, 0x0000000708400000|  0%| F|  |TAMS 0x0000000708200000, 0x0000000708200000| Untracked 
|  47|0x0000000708400000, 0x0000000708400000, 0x0000000708600000|  0%| F|  |TAMS 0x0000000708400000, 0x0000000708400000| Untracked 
|  48|0x0000000708600000, 0x0000000708600000, 0x0000000708800000|  0%| F|  |TAMS 0x0000000708600000, 0x0000000708600000| Untracked 
|  49|0x0000000708800000, 0x0000000708800000, 0x0000000708a00000|  0%| F|  |TAMS 0x0000000708800000, 0x0000000708800000| Untracked 
|  50|0x0000000708a00000, 0x0000000708a00000, 0x0000000708c00000|  0%| F|  |TAMS 0x0000000708a00000, 0x0000000708a00000| Untracked 
|  51|0x0000000708c00000, 0x0000000708c00000, 0x0000000708e00000|  0%| F|  |TAMS 0x0000000708c00000, 0x0000000708c00000| Untracked 
|  52|0x0000000708e00000, 0x0000000708e00000, 0x0000000709000000|  0%| F|  |TAMS 0x0000000708e00000, 0x0000000708e00000| Untracked 
|  53|0x0000000709000000, 0x0000000709000000, 0x0000000709200000|  0%| F|  |TAMS 0x0000000709000000, 0x0000000709000000| Untracked 
|  54|0x0000000709200000, 0x0000000709200000, 0x0000000709400000|  0%| F|  |TAMS 0x0000000709200000, 0x0000000709200000| Untracked 
|  55|0x0000000709400000, 0x0000000709400000, 0x0000000709600000|  0%| F|  |TAMS 0x0000000709400000, 0x0000000709400000| Untracked 
|  56|0x0000000709600000, 0x0000000709600000, 0x0000000709800000|  0%| F|  |TAMS 0x0000000709600000, 0x0000000709600000| Untracked 
|  57|0x0000000709800000, 0x0000000709800000, 0x0000000709a00000|  0%| F|  |TAMS 0x0000000709800000, 0x0000000709800000| Untracked 
|  58|0x0000000709a00000, 0x0000000709a00000, 0x0000000709c00000|  0%| F|  |TAMS 0x0000000709a00000, 0x0000000709a00000| Untracked 
|  59|0x0000000709c00000, 0x0000000709c00000, 0x0000000709e00000|  0%| F|  |TAMS 0x0000000709c00000, 0x0000000709c00000| Untracked 
|  60|0x0000000709e00000, 0x0000000709e00000, 0x000000070a000000|  0%| F|  |TAMS 0x0000000709e00000, 0x0000000709e00000| Untracked 
|  61|0x000000070a000000, 0x000000070a000000, 0x000000070a200000|  0%| F|  |TAMS 0x000000070a000000, 0x000000070a000000| Untracked 
|  62|0x000000070a200000, 0x000000070a200000, 0x000000070a400000|  0%| F|  |TAMS 0x000000070a200000, 0x000000070a200000| Untracked 
|  63|0x000000070a400000, 0x000000070a400000, 0x000000070a600000|  0%| F|  |TAMS 0x000000070a400000, 0x000000070a400000| Untracked 
|  64|0x000000070a600000, 0x000000070a600000, 0x000000070a800000|  0%| F|  |TAMS 0x000000070a600000, 0x000000070a600000| Untracked 
|  65|0x000000070a800000, 0x000000070a800000, 0x000000070aa00000|  0%| F|  |TAMS 0x000000070a800000, 0x000000070a800000| Untracked 
|  66|0x000000070aa00000, 0x000000070aa00000, 0x000000070ac00000|  0%| F|  |TAMS 0x000000070aa00000, 0x000000070aa00000| Untracked 
|  67|0x000000070ac00000, 0x000000070ac00000, 0x000000070ae00000|  0%| F|  |TAMS 0x000000070ac00000, 0x000000070ac00000| Untracked 
|  68|0x000000070ae00000, 0x000000070ae00000, 0x000000070b000000|  0%| F|  |TAMS 0x000000070ae00000, 0x000000070ae00000| Untracked 
|  69|0x000000070b000000, 0x000000070b000000, 0x000000070b200000|  0%| F|  |TAMS 0x000000070b000000, 0x000000070b000000| Untracked 
|  70|0x000000070b200000, 0x000000070b200000, 0x000000070b400000|  0%| F|  |TAMS 0x000000070b200000, 0x000000070b200000| Untracked 
|  71|0x000000070b400000, 0x000000070b400000, 0x000000070b600000|  0%| F|  |TAMS 0x000000070b400000, 0x000000070b400000| Untracked 
|  72|0x000000070b600000, 0x000000070b600000, 0x000000070b800000|  0%| F|  |TAMS 0x000000070b600000, 0x000000070b600000| Untracked 
|  73|0x000000070b800000, 0x000000070b800000, 0x000000070ba00000|  0%| F|  |TAMS 0x000000070b800000, 0x000000070b800000| Untracked 
|  74|0x000000070ba00000, 0x000000070ba00000, 0x000000070bc00000|  0%| F|  |TAMS 0x000000070ba00000, 0x000000070ba00000| Untracked 
|  75|0x000000070bc00000, 0x000000070bc00000, 0x000000070be00000|  0%| F|  |TAMS 0x000000070bc00000, 0x000000070bc00000| Untracked 
|  76|0x000000070be00000, 0x000000070be00000, 0x000000070c000000|  0%| F|  |TAMS 0x000000070be00000, 0x000000070be00000| Untracked 
|  77|0x000000070c000000, 0x000000070c000000, 0x000000070c200000|  0%| F|  |TAMS 0x000000070c000000, 0x000000070c000000| Untracked 
|  78|0x000000070c200000, 0x000000070c200000, 0x000000070c400000|  0%| F|  |TAMS 0x000000070c200000, 0x000000070c200000| Untracked 
|  79|0x000000070c400000, 0x000000070c400000, 0x000000070c600000|  0%| F|  |TAMS 0x000000070c400000, 0x000000070c400000| Untracked 
|  80|0x000000070c600000, 0x000000070c600000, 0x000000070c800000|  0%| F|  |TAMS 0x000000070c600000, 0x000000070c600000| Untracked 
|  81|0x000000070c800000, 0x000000070c800000, 0x000000070ca00000|  0%| F|  |TAMS 0x000000070c800000, 0x000000070c800000| Untracked 
|  82|0x000000070ca00000, 0x000000070ca00000, 0x000000070cc00000|  0%| F|  |TAMS 0x000000070ca00000, 0x000000070ca00000| Untracked 
|  83|0x000000070cc00000, 0x000000070cc00000, 0x000000070ce00000|  0%| F|  |TAMS 0x000000070cc00000, 0x000000070cc00000| Untracked 
|  84|0x000000070ce00000, 0x000000070ce00000, 0x000000070d000000|  0%| F|  |TAMS 0x000000070ce00000, 0x000000070ce00000| Untracked 
|  85|0x000000070d000000, 0x000000070d000000, 0x000000070d200000|  0%| F|  |TAMS 0x000000070d000000, 0x000000070d000000| Untracked 
|  86|0x000000070d200000, 0x000000070d200000, 0x000000070d400000|  0%| F|  |TAMS 0x000000070d200000, 0x000000070d200000| Untracked 
|  87|0x000000070d400000, 0x000000070d400000, 0x000000070d600000|  0%| F|  |TAMS 0x000000070d400000, 0x000000070d400000| Untracked 
|  88|0x000000070d600000, 0x000000070d600000, 0x000000070d800000|  0%| F|  |TAMS 0x000000070d600000, 0x000000070d600000| Untracked 
|  89|0x000000070d800000, 0x000000070d800000, 0x000000070da00000|  0%| F|  |TAMS 0x000000070d800000, 0x000000070d800000| Untracked 
|  90|0x000000070da00000, 0x000000070da00000, 0x000000070dc00000|  0%| F|  |TAMS 0x000000070da00000, 0x000000070da00000| Untracked 
|  91|0x000000070dc00000, 0x000000070dc00000, 0x000000070de00000|  0%| F|  |TAMS 0x000000070dc00000, 0x000000070dc00000| Untracked 
|  92|0x000000070de00000, 0x000000070de00000, 0x000000070e000000|  0%| F|  |TAMS 0x000000070de00000, 0x000000070de00000| Untracked 
|  93|0x000000070e000000, 0x000000070e000000, 0x000000070e200000|  0%| F|  |TAMS 0x000000070e000000, 0x000000070e000000| Untracked 
|  94|0x000000070e200000, 0x000000070e200000, 0x000000070e400000|  0%| F|  |TAMS 0x000000070e200000, 0x000000070e200000| Untracked 
|  95|0x000000070e400000, 0x000000070e400000, 0x000000070e600000|  0%| F|  |TAMS 0x000000070e400000, 0x000000070e400000| Untracked 
|  96|0x000000070e600000, 0x000000070e600000, 0x000000070e800000|  0%| F|  |TAMS 0x000000070e600000, 0x000000070e600000| Untracked 
|  97|0x000000070e800000, 0x000000070e800000, 0x000000070ea00000|  0%| F|  |TAMS 0x000000070e800000, 0x000000070e800000| Untracked 
|  98|0x000000070ea00000, 0x000000070ea00000, 0x000000070ec00000|  0%| F|  |TAMS 0x000000070ea00000, 0x000000070ea00000| Untracked 
|  99|0x000000070ec00000, 0x000000070ec00000, 0x000000070ee00000|  0%| F|  |TAMS 0x000000070ec00000, 0x000000070ec00000| Untracked 
| 100|0x000000070ee00000, 0x000000070ee00000, 0x000000070f000000|  0%| F|  |TAMS 0x000000070ee00000, 0x000000070ee00000| Untracked 
| 101|0x000000070f000000, 0x000000070f000000, 0x000000070f200000|  0%| F|  |TAMS 0x000000070f000000, 0x000000070f000000| Untracked 
| 102|0x000000070f200000, 0x000000070f200000, 0x000000070f400000|  0%| F|  |TAMS 0x000000070f200000, 0x000000070f200000| Untracked 
| 103|0x000000070f400000, 0x000000070f400000, 0x000000070f600000|  0%| F|  |TAMS 0x000000070f400000, 0x000000070f400000| Untracked 
| 104|0x000000070f600000, 0x000000070f600000, 0x000000070f800000|  0%| F|  |TAMS 0x000000070f600000, 0x000000070f600000| Untracked 
| 105|0x000000070f800000, 0x000000070f800000, 0x000000070fa00000|  0%| F|  |TAMS 0x000000070f800000, 0x000000070f800000| Untracked 
| 106|0x000000070fa00000, 0x000000070fa00000, 0x000000070fc00000|  0%| F|  |TAMS 0x000000070fa00000, 0x000000070fa00000| Untracked 
| 107|0x000000070fc00000, 0x000000070fc00000, 0x000000070fe00000|  0%| F|  |TAMS 0x000000070fc00000, 0x000000070fc00000| Untracked 
| 108|0x000000070fe00000, 0x000000070fe00000, 0x0000000710000000|  0%| F|  |TAMS 0x000000070fe00000, 0x000000070fe00000| Untracked 
| 109|0x0000000710000000, 0x0000000710000000, 0x0000000710200000|  0%| F|  |TAMS 0x0000000710000000, 0x0000000710000000| Untracked 
| 110|0x0000000710200000, 0x0000000710200000, 0x0000000710400000|  0%| F|  |TAMS 0x0000000710200000, 0x0000000710200000| Untracked 
| 111|0x0000000710400000, 0x0000000710400000, 0x0000000710600000|  0%| F|  |TAMS 0x0000000710400000, 0x0000000710400000| Untracked 
| 112|0x0000000710600000, 0x0000000710600000, 0x0000000710800000|  0%| F|  |TAMS 0x0000000710600000, 0x0000000710600000| Untracked 
| 113|0x0000000710800000, 0x0000000710800000, 0x0000000710a00000|  0%| F|  |TAMS 0x0000000710800000, 0x0000000710800000| Untracked 
| 114|0x0000000710a00000, 0x0000000710a00000, 0x0000000710c00000|  0%| F|  |TAMS 0x0000000710a00000, 0x0000000710a00000| Untracked 
| 115|0x0000000710c00000, 0x0000000710c00000, 0x0000000710e00000|  0%| F|  |TAMS 0x0000000710c00000, 0x0000000710c00000| Untracked 
| 116|0x0000000710e00000, 0x0000000710e00000, 0x0000000711000000|  0%| F|  |TAMS 0x0000000710e00000, 0x0000000710e00000| Untracked 
| 117|0x0000000711000000, 0x0000000711000000, 0x0000000711200000|  0%| F|  |TAMS 0x0000000711000000, 0x0000000711000000| Untracked 
| 118|0x0000000711200000, 0x0000000711200000, 0x0000000711400000|  0%| F|  |TAMS 0x0000000711200000, 0x0000000711200000| Untracked 
| 119|0x0000000711400000, 0x0000000711400000, 0x0000000711600000|  0%| F|  |TAMS 0x0000000711400000, 0x0000000711400000| Untracked 
| 120|0x0000000711600000, 0x0000000711600000, 0x0000000711800000|  0%| F|  |TAMS 0x0000000711600000, 0x0000000711600000| Untracked 
| 121|0x0000000711800000, 0x0000000711800000, 0x0000000711a00000|  0%| F|  |TAMS 0x0000000711800000, 0x0000000711800000| Untracked 
| 122|0x0000000711a00000, 0x0000000711a00000, 0x0000000711c00000|  0%| F|  |TAMS 0x0000000711a00000, 0x0000000711a00000| Untracked 
| 123|0x0000000711c00000, 0x0000000711d5d590, 0x0000000711e00000| 68%| E|  |TAMS 0x0000000711c00000, 0x0000000711c00000| Complete 
| 124|0x0000000711e00000, 0x0000000712000000, 0x0000000712000000|100%| E|CS|TAMS 0x0000000711e00000, 0x0000000711e00000| Complete 
| 125|0x0000000712000000, 0x0000000712200000, 0x0000000712200000|100%| E|CS|TAMS 0x0000000712000000, 0x0000000712000000| Complete 
| 126|0x0000000712200000, 0x0000000712400000, 0x0000000712400000|100%| E|CS|TAMS 0x0000000712200000, 0x0000000712200000| Complete 

Card table byte_map: [0x000001ab4a5e0000,0x000001ab4add0000] _byte_map_base: 0x000001ab46dcd000

Marking Bits (Prev, Next): (CMBitMap*) 0x000001ab330ab3c0, (CMBitMap*) 0x000001ab330ab400
 Prev Bits: [0x000001ab4b5c0000, 0x000001ab4f528000)
 Next Bits: [0x000001ab4f530000, 0x000001ab53498000)

Polling page: 0x000001ab30fe0000

Metaspace:

Usage:
  Non-class:      2.07 MB used.
      Class:    174.42 KB used.
       Both:      2.24 MB used.

Virtual space:
  Non-class space:        8.00 MB reserved,       2.19 MB ( 27%) committed,  1 nodes.
      Class space:        1.00 GB reserved,     256.00 KB ( <1%) committed,  1 nodes.
             Both:        1.01 GB reserved,       2.44 MB ( <1%) committed. 

Chunk freelists:
   Non-Class:  3.23 MB
       Class:  3.67 MB
        Both:  6.90 MB

MaxMetaspaceSize: unlimited
CompressedClassSpaceSize: 1.00 GB
Initial GC threshold: 21.00 MB
Current GC threshold: 21.00 MB
CDS: on
MetaspaceReclaimPolicy: balanced
 - commit_granule_bytes: 65536.
 - commit_granule_words: 8192.
 - virtual_space_node_default_size: 1048576.
 - enlarge_chunks_in_place: 1.
 - new_chunks_are_fully_committed: 0.
 - uncommit_free_chunks: 1.
 - use_allocation_guard: 0.
 - handle_deallocations: 1.


Internal statistics:

num_allocs_failed_limit: 0.
num_arena_births: 62.
num_arena_deaths: 0.
num_vsnodes_births: 2.
num_vsnodes_deaths: 0.
num_space_committed: 39.
num_space_uncommitted: 0.
num_chunks_returned_to_freelist: 0.
num_chunks_taken_from_freelist: 114.
num_chunk_merges: 0.
num_chunk_splits: 67.
num_chunks_enlarged: 39.
num_purges: 0.
num_inconsistent_stats: 0.

CodeHeap 'non-profiled nmethods': size=120000Kb used=166Kb max_used=166Kb free=119833Kb
 bounds [0x000001ab42370000, 0x000001ab425e0000, 0x000001ab498a0000]
CodeHeap 'profiled nmethods': size=120000Kb used=722Kb max_used=722Kb free=119277Kb
 bounds [0x000001ab3ae40000, 0x000001ab3b0b0000, 0x000001ab42370000]
CodeHeap 'non-nmethods': size=5760Kb used=1160Kb max_used=1174Kb free=4599Kb
 bounds [0x000001ab3a8a0000, 0x000001ab3ab10000, 0x000001ab3ae40000]
 total_blobs=973 nmethods=520 adapters=366
 compilation: enabled
              stopped_count=0, restarted_count=0
 full_count=0

Compilation events (20 events):
Event: 0.306 Thread 0x000001ab5612e410  502       1       java.security.CodeSource::getLocationNoFragString (5 bytes)
Event: 0.306 Thread 0x000001ab5612e410 nmethod 502 0x000001ab42398e90 code [0x000001ab42399020, 0x000001ab423990f8]
Event: 0.307 Thread 0x000001ab5612e410  511       3       java.io.File::isInvalid (48 bytes)
Event: 0.308 Thread 0x000001ab5612e410 nmethod 511 0x000001ab3aef2490 code [0x000001ab3aef2680, 0x000001ab3aef2b98]
Event: 0.308 Thread 0x000001ab5612e410  512       3       java.lang.ref.Cleaner::register (25 bytes)
Event: 0.308 Thread 0x000001ab5612e410 nmethod 512 0x000001ab3aef2d10 code [0x000001ab3aef2f00, 0x000001ab3aef3468]
Event: 0.308 Thread 0x000001ab5612e410  513       3       jdk.internal.ref.CleanerImpl$PhantomCleanableRef::<init> (12 bytes)
Event: 0.308 Thread 0x000001ab5612e410 nmethod 513 0x000001ab3aef3690 code [0x000001ab3aef3840, 0x000001ab3aef39e8]
Event: 0.308 Thread 0x000001ab5612e410  514       3       jdk.internal.loader.NativeLibraries$NativeLibraryImpl::find (6 bytes)
Event: 0.308 Thread 0x000001ab5612e410 nmethod 514 0x000001ab3aef3a90 code [0x000001ab3aef3c20, 0x000001ab3aef3d48]
Event: 0.309 Thread 0x000001ab5612e410  515       1       java.net.URLStreamHandler::getDefaultPort (2 bytes)
Event: 0.309 Thread 0x000001ab5612e410 nmethod 515 0x000001ab42399190 code [0x000001ab42399320, 0x000001ab423993f8]
Event: 0.310 Thread 0x000001ab5612e410  517       3       java.lang.Integer::toUnsignedLong (7 bytes)
Event: 0.310 Thread 0x000001ab5612e410 nmethod 517 0x000001ab3aef3e10 code [0x000001ab3aef3fa0, 0x000001ab3aef4098]
Event: 0.310 Thread 0x000001ab5612e410  518       3       sun.misc.Unsafe::putLong (11 bytes)
Event: 0.310 Thread 0x000001ab5612e410 nmethod 518 0x000001ab3aef4110 code [0x000001ab3aef42a0, 0x000001ab3aef43b8]
Event: 0.310 Thread 0x000001ab5612e410  519       3       org.lwjgl.system.MemoryUtil::memPutAddress (29 bytes)
Event: 0.310 Thread 0x000001ab5612e410 nmethod 519 0x000001ab3aef4490 code [0x000001ab3aef4640, 0x000001ab3aef4838]
Event: 0.310 Thread 0x000001ab5612dd60  520       4       java.lang.Integer::toUnsignedLong (7 bytes)
Event: 0.311 Thread 0x000001ab5612dd60 nmethod 520 0x000001ab42399890 code [0x000001ab42399a00, 0x000001ab42399a58]

GC Heap History (0 events):
No events

Deoptimization events (20 events):
Event: 0.128 Thread 0x000001ab3305d130 Uncommon trap: trap_request=0xffffff45 fr.pc=0x000001ab4237ff30 relative=0x0000000000000190
Event: 0.128 Thread 0x000001ab3305d130 Uncommon trap: reason=unstable_if action=reinterpret pc=0x000001ab4237ff30 method=java.util.zip.ZipFile$Source.isMetaName([BII)Z @ 57 c2
Event: 0.128 Thread 0x000001ab3305d130 DEOPT PACKING pc=0x000001ab4237ff30 sp=0x00000014590fe140
Event: 0.128 Thread 0x000001ab3305d130 DEOPT UNPACKING pc=0x000001ab3a8f23a3 sp=0x00000014590fe0e8 mode 2
Event: 0.133 Thread 0x000001ab3305d130 Uncommon trap: trap_request=0xffffff45 fr.pc=0x000001ab423840dc relative=0x000000000000005c
Event: 0.133 Thread 0x000001ab3305d130 Uncommon trap: reason=unstable_if action=reinterpret pc=0x000001ab423840dc method=java.lang.String.isLatin1()Z @ 10 c2
Event: 0.133 Thread 0x000001ab3305d130 DEOPT PACKING pc=0x000001ab423840dc sp=0x00000014590fe580
Event: 0.133 Thread 0x000001ab3305d130 DEOPT UNPACKING pc=0x000001ab3a8f23a3 sp=0x00000014590fe510 mode 2
Event: 0.133 Thread 0x000001ab3305d130 Uncommon trap: trap_request=0xffffff45 fr.pc=0x000001ab4237eb80 relative=0x0000000000000080
Event: 0.133 Thread 0x000001ab3305d130 Uncommon trap: reason=unstable_if action=reinterpret pc=0x000001ab4237eb80 method=java.lang.String.isLatin1()Z @ 10 c2
Event: 0.133 Thread 0x000001ab3305d130 DEOPT PACKING pc=0x000001ab4237eb80 sp=0x00000014590fef70
Event: 0.133 Thread 0x000001ab3305d130 DEOPT UNPACKING pc=0x000001ab3a8f23a3 sp=0x00000014590feeb0 mode 2
Event: 0.135 Thread 0x000001ab3305d130 DEOPT PACKING pc=0x000001ab3ae4cbe7 sp=0x00000014590fe580
Event: 0.135 Thread 0x000001ab3305d130 DEOPT UNPACKING pc=0x000001ab3a8f2b43 sp=0x00000014590fd9a0 mode 0
Event: 0.149 Thread 0x000001ab3305d130 DEOPT PACKING pc=0x000001ab3ae46b51 sp=0x00000014590fccd0
Event: 0.149 Thread 0x000001ab3305d130 DEOPT UNPACKING pc=0x000001ab3a8f2b43 sp=0x00000014590fc148 mode 0
Event: 0.254 Thread 0x000001ab3305d130 Uncommon trap: trap_request=0xffffff45 fr.pc=0x000001ab42387764 relative=0x0000000000000064
Event: 0.254 Thread 0x000001ab3305d130 Uncommon trap: reason=unstable_if action=reinterpret pc=0x000001ab42387764 method=java.io.WinNTFileSystem.isSlash(C)Z @ 9 c2
Event: 0.254 Thread 0x000001ab3305d130 DEOPT PACKING pc=0x000001ab42387764 sp=0x00000014590fc7b0
Event: 0.254 Thread 0x000001ab3305d130 DEOPT UNPACKING pc=0x000001ab3a8f23a3 sp=0x00000014590fc738 mode 2

Classes unloaded (0 events):
No events

Classes redefined (0 events):
No events

Internal exceptions (18 events):
Event: 0.136 Thread 0x000001ab56cd3080 Exception <a 'java/lang/NoSuchMethodError'{0x0000000711e78e78}: 'java.lang.Object java.lang.invoke.DirectMethodHandle$Holder.invokeStaticInit(java.lang.Object)'> (0x0000000711e78e78) 
thrown [t:\workspace\open\src\hotspot\share\interpreter\linkResolver.cpp, line 766]
Event: 0.143 Thread 0x000001ab56cd3080 Exception <a 'java/lang/NoSuchMethodError'{0x0000000711e86bd0}: 'void java.lang.invoke.DirectMethodHandle$Holder.invokeStatic(java.lang.Object, java.lang.Object)'> (0x0000000711e86bd0) 
thrown [t:\workspace\open\src\hotspot\share\interpreter\linkResolver.cpp, line 766]
Event: 0.150 Thread 0x000001ab3305d130 Exception <a 'java/lang/NoSuchMethodError'{0x0000000711f0f850}: 'void java.lang.invoke.DirectMethodHandle$Holder.invokeSpecial(java.lang.Object, java.lang.Object, java.lang.Object)'> (0x0000000711f0f850) 
thrown [t:\workspace\open\src\hotspot\share\interpreter\linkResolver.cpp, line 766]
Event: 0.152 Thread 0x000001ab3305d130 Exception <a 'java/lang/NoSuchMethodError'{0x0000000711f22ee8}: 'java.lang.Object java.lang.invoke.DirectMethodHandle$Holder.invokeStatic(java.lang.Object, java.lang.Object, int)'> (0x0000000711f22ee8) 
thrown [t:\workspace\open\src\hotspot\share\interpreter\linkResolver.cpp, line 766]
Event: 0.153 Thread 0x000001ab3305d130 Exception <a 'java/lang/NoSuchMethodError'{0x0000000711f2ed50}: 'void java.lang.invoke.DelegatingMethodHandle$Holder.delegate(java.lang.Object, java.lang.Object, int, java.lang.Object)'> (0x0000000711f2ed50) 
thrown [t:\workspace\open\src\hotspot\share\interpreter\linkResolver.cpp, line 766]
Event: 0.153 Thread 0x000001ab3305d130 Exception <a 'java/lang/NoSuchMethodError'{0x0000000711f32ae0}: 'int java.lang.invoke.DirectMethodHandle$Holder.invokeSpecial(java.lang.Object, java.lang.Object, java.lang.Object)'> (0x0000000711f32ae0) 
thrown [t:\workspace\open\src\hotspot\share\interpreter\linkResolver.cpp, line 766]
Event: 0.259 Thread 0x000001ab3305d130 Exception <a 'sun/nio/fs/WindowsException'{0x0000000711fda160}> (0x0000000711fda160) 
thrown [t:\workspace\open\src\hotspot\share\prims\jni.cpp, line 516]
Event: 0.259 Thread 0x000001ab3305d130 Exception <a 'sun/nio/fs/WindowsException'{0x0000000711fda6b0}> (0x0000000711fda6b0) 
thrown [t:\workspace\open\src\hotspot\share\prims\jni.cpp, line 516]
Event: 0.272 Thread 0x000001ab3305d130 Exception <a 'sun/nio/fs/WindowsException'{0x0000000711c10fa8}> (0x0000000711c10fa8) 
thrown [t:\workspace\open\src\hotspot\share\prims\jni.cpp, line 516]
Event: 0.272 Thread 0x000001ab3305d130 Exception <a 'sun/nio/fs/WindowsException'{0x0000000711c11350}> (0x0000000711c11350) 
thrown [t:\workspace\open\src\hotspot\share\prims\jni.cpp, line 516]
Event: 0.278 Thread 0x000001ab3305d130 Exception <a 'sun/nio/fs/WindowsException'{0x0000000711c1e4e0}> (0x0000000711c1e4e0) 
thrown [t:\workspace\open\src\hotspot\share\prims\jni.cpp, line 516]
Event: 0.278 Thread 0x000001ab3305d130 Exception <a 'sun/nio/fs/WindowsException'{0x0000000711c1e7c0}> (0x0000000711c1e7c0) 
thrown [t:\workspace\open\src\hotspot\share\prims\jni.cpp, line 516]
Event: 0.287 Thread 0x000001ab3305d130 Exception <a 'java/lang/NoSuchMethodError'{0x0000000711c6ab50}: 'int java.lang.invoke.DirectMethodHandle$Holder.invokeStaticInit(java.lang.Object, java.lang.Object, int, long)'> (0x0000000711c6ab50) 
thrown [t:\workspace\open\src\hotspot\share\interpreter\linkResolver.cpp, line 766]
Event: 0.288 Thread 0x000001ab3305d130 Exception <a 'java/lang/NoSuchMethodError'{0x0000000711c70418}: 'java.lang.Object java.lang.invoke.DirectMethodHandle$Holder.newInvokeSpecial(java.lang.Object, java.lang.Object, int)'> (0x0000000711c70418) 
thrown [t:\workspace\open\src\hotspot\share\interpreter\linkResolver.cpp, line 766]
Event: 0.290 Thread 0x000001ab3305d130 Exception <a 'java/lang/NoSuchMethodError'{0x0000000711c7f608}: 'int java.lang.invoke.DirectMethodHandle$Holder.invokeStaticInit(java.lang.Object, java.lang.Object, long, long)'> (0x0000000711c7f608) 
thrown [t:\workspace\open\src\hotspot\share\interpreter\linkResolver.cpp, line 766]
Event: 0.290 Thread 0x000001ab3305d130 Exception <a 'java/lang/NoSuchMethodError'{0x0000000711c85718}: 'java.lang.Object java.lang.invoke.DirectMethodHandle$Holder.newInvokeSpecial(java.lang.Object, java.lang.Object, long)'> (0x0000000711c85718) 
thrown [t:\workspace\open\src\hotspot\share\interpreter\linkResolver.cpp, line 766]
Event: 0.291 Thread 0x000001ab3305d130 Exception <a 'java/lang/NoSuchMethodError'{0x0000000711c89a08}: 'java.lang.Object java.lang.invoke.Invokers$Holder.linkToTargetMethod(java.lang.Object, long, java.lang.Object)'> (0x0000000711c89a08) 
thrown [t:\workspace\open\src\hotspot\share\interpreter\linkResolver.cpp, line 766]
Event: 0.291 Thread 0x000001ab3305d130 Exception <a 'java/lang/NoSuchMethodError'{0x0000000711c91120}: 'int java.lang.invoke.DirectMethodHandle$Holder.invokeStaticInit(java.lang.Object, java.lang.Object, java.lang.Object, long)'> (0x0000000711c91120) 
thrown [t:\workspace\open\src\hotspot\share\interpreter\linkResolver.cpp, line 766]

VM Operations (8 events):
Event: 0.073 Executing VM operation: HandshakeAllThreads
Event: 0.073 Executing VM operation: HandshakeAllThreads done
Event: 0.134 Executing VM operation: HandshakeAllThreads
Event: 0.134 Executing VM operation: HandshakeAllThreads done
Event: 0.135 Executing VM operation: HandshakeAllThreads
Event: 0.135 Executing VM operation: HandshakeAllThreads done
Event: 0.253 Executing VM operation: HandshakeAllThreads
Event: 0.253 Executing VM operation: HandshakeAllThreads done

Events (20 events):
Event: 0.285 loading class sun/misc/Unsafe
Event: 0.285 loading class sun/misc/Unsafe done
Event: 0.285 loading class jdk/internal/reflect/UnsafeFieldAccessorFactory
Event: 0.285 loading class jdk/internal/reflect/UnsafeFieldAccessorFactory done
Event: 0.285 loading class jdk/internal/reflect/UnsafeQualifiedStaticObjectFieldAccessorImpl
Event: 0.285 loading class jdk/internal/reflect/UnsafeQualifiedStaticFieldAccessorImpl
Event: 0.285 loading class jdk/internal/reflect/UnsafeQualifiedStaticFieldAccessorImpl done
Event: 0.285 loading class jdk/internal/reflect/UnsafeQualifiedStaticObjectFieldAccessorImpl done
Event: 0.286 loading class java/util/function/LongPredicate
Event: 0.286 loading class java/util/function/LongPredicate done
Event: 0.288 loading class jdk/internal/access/foreign/MemorySegmentProxy
Event: 0.289 loading class jdk/internal/access/foreign/MemorySegmentProxy done
Event: 0.293 loading class java/nio/InvalidMarkException
Event: 0.293 loading class java/nio/InvalidMarkException done
Event: 0.293 loading class java/nio/BufferUnderflowException
Event: 0.293 loading class java/nio/BufferUnderflowException done
Event: 0.297 loading class java/lang/IndexOutOfBoundsException
Event: 0.297 loading class java/lang/IndexOutOfBoundsException done
Event: 0.306 loading class java/util/Formatter$FixedString
Event: 0.306 loading class java/util/Formatter$FixedString done


Dynamic libraries:
0x00007ff762480000 - 0x00007ff76248e000 	C:\Users\cosmi\.jdks\openjdk-17.0.2\bin\java.exe
0x00007ff96c950000 - 0x00007ff96cb48000 	C:\WINDOWS\SYSTEM32\ntdll.dll
0x00007ff93a1f0000 - 0x00007ff93a209000 	C:\Program Files\Avast Software\Avast\aswhook.dll
0x00007ff96c850000 - 0x00007ff96c90f000 	C:\WINDOWS\System32\KERNEL32.DLL
0x00007ff96a190000 - 0x00007ff96a46a000 	C:\WINDOWS\System32\KERNELBASE.dll
0x00007ff96a880000 - 0x00007ff96a980000 	C:\WINDOWS\System32\ucrtbase.dll
0x00007ff95ed10000 - 0x00007ff95ed28000 	C:\Users\cosmi\.jdks\openjdk-17.0.2\bin\jli.dll
0x00007ff95ed30000 - 0x00007ff95ed4a000 	C:\Users\cosmi\.jdks\openjdk-17.0.2\bin\VCRUNTIME140.dll
0x00007ff96ba20000 - 0x00007ff96bbbd000 	C:\WINDOWS\System32\USER32.dll
0x00007ff96a980000 - 0x00007ff96a9a2000 	C:\WINDOWS\System32\win32u.dll
0x00007ff96aa10000 - 0x00007ff96aa3b000 	C:\WINDOWS\System32\GDI32.dll
0x00007ff943d50000 - 0x00007ff943fea000 	C:\WINDOWS\WinSxS\amd64_microsoft.windows.common-controls_6595b64144ccf1df_6.0.19041.1110_none_60b5254171f9507e\COMCTL32.dll
0x00007ff96a470000 - 0x00007ff96a580000 	C:\WINDOWS\System32\gdi32full.dll
0x00007ff96b690000 - 0x00007ff96b72e000 	C:\WINDOWS\System32\msvcrt.dll
0x00007ff96a0f0000 - 0x00007ff96a18d000 	C:\WINDOWS\System32\msvcp_win.dll
0x00007ff96c770000 - 0x00007ff96c7a0000 	C:\WINDOWS\System32\IMM32.DLL
0x00007ff962a70000 - 0x00007ff962a7c000 	C:\Users\cosmi\.jdks\openjdk-17.0.2\bin\vcruntime140_1.dll
0x00007ff93eea0000 - 0x00007ff93ef2d000 	C:\Users\cosmi\.jdks\openjdk-17.0.2\bin\msvcp140.dll
0x00007ff8e49c0000 - 0x00007ff8e5581000 	C:\Users\cosmi\.jdks\openjdk-17.0.2\bin\server\jvm.dll
0x00007ff96c7a0000 - 0x00007ff96c84e000 	C:\WINDOWS\System32\ADVAPI32.dll
0x00007ff96c6d0000 - 0x00007ff96c76c000 	C:\WINDOWS\System32\sechost.dll
0x00007ff96b7b0000 - 0x00007ff96b8d6000 	C:\WINDOWS\System32\RPCRT4.dll
0x00007ff96b790000 - 0x00007ff96b798000 	C:\WINDOWS\System32\PSAPI.DLL
0x00007ff94b780000 - 0x00007ff94b789000 	C:\WINDOWS\SYSTEM32\WSOCK32.dll
0x00007ff943cc0000 - 0x00007ff943ce7000 	C:\WINDOWS\SYSTEM32\WINMM.dll
0x00007ff962a50000 - 0x00007ff962a5a000 	C:\WINDOWS\SYSTEM32\VERSION.dll
0x00007ff96c400000 - 0x00007ff96c46b000 	C:\WINDOWS\System32\WS2_32.dll
0x00007ff968b50000 - 0x00007ff968b62000 	C:\WINDOWS\SYSTEM32\kernel.appcore.dll
0x00007ff95cf50000 - 0x00007ff95cf5a000 	C:\Users\cosmi\.jdks\openjdk-17.0.2\bin\jimage.dll
0x00007ff968730000 - 0x00007ff968914000 	C:\WINDOWS\SYSTEM32\DBGHELP.DLL
0x00007ff963930000 - 0x00007ff963964000 	C:\WINDOWS\SYSTEM32\dbgcore.DLL
0x00007ff96a060000 - 0x00007ff96a0e2000 	C:\WINDOWS\System32\bcryptPrimitives.dll
0x00007ff958610000 - 0x00007ff95861e000 	C:\Users\cosmi\.jdks\openjdk-17.0.2\bin\instrument.dll
0x00007ff954300000 - 0x00007ff954325000 	C:\Users\cosmi\.jdks\openjdk-17.0.2\bin\java.dll
0x00007ff93c560000 - 0x00007ff93c636000 	C:\Users\cosmi\.jdks\openjdk-17.0.2\bin\jsvml.dll
0x00007ff96aee0000 - 0x00007ff96b624000 	C:\WINDOWS\System32\SHELL32.dll
0x00007ff967990000 - 0x00007ff968123000 	C:\WINDOWS\SYSTEM32\windows.storage.dll
0x00007ff96ab60000 - 0x00007ff96aeb4000 	C:\WINDOWS\System32\combase.dll
0x00007ff9699e0000 - 0x00007ff969a0e000 	C:\WINDOWS\SYSTEM32\Wldp.dll
0x00007ff96c0c0000 - 0x00007ff96c16d000 	C:\WINDOWS\System32\SHCORE.dll
0x00007ff96c5a0000 - 0x00007ff96c5f5000 	C:\WINDOWS\System32\shlwapi.dll
0x00007ff969fa0000 - 0x00007ff969fbf000 	C:\WINDOWS\SYSTEM32\profapi.dll
0x00007ff951720000 - 0x00007ff951738000 	C:\Users\cosmi\.jdks\openjdk-17.0.2\bin\zip.dll
0x00007ff9584f0000 - 0x00007ff958509000 	C:\Users\cosmi\.jdks\openjdk-17.0.2\bin\net.dll
0x00007ff95ed70000 - 0x00007ff95ee7a000 	C:\WINDOWS\SYSTEM32\WINHTTP.dll
0x00007ff969740000 - 0x00007ff9697aa000 	C:\WINDOWS\system32\mswsock.dll
0x00007ff954280000 - 0x00007ff954296000 	C:\Users\cosmi\.jdks\openjdk-17.0.2\bin\nio.dll
0x00007ff9516b0000 - 0x00007ff9516ca000 	C:\Program Files\JetBrains\IntelliJ IDEA Community Edition 2021.3.1\bin\breakgen64.dll
0x00007ff93ac80000 - 0x00007ff93acfa000 	C:\Users\cosmi\AppData\Local\Temp\lwjgl_cosmi\3.3.2+13\x64\lwjgl.dll
0x00007ff9507a0000 - 0x00007ff9507fe000 	C:\Users\cosmi\AppData\Local\Temp\lwjgl_cosmi\3.3.2+13\x64\lwjgl_opengl.dll
0x00007ff928610000 - 0x00007ff928735000 	C:\WINDOWS\SYSTEM32\opengl32.dll
0x00007ff9398a0000 - 0x00007ff9398cc000 	C:\WINDOWS\SYSTEM32\GLU32.dll

dbghelp: loaded successfully - version: 4.0.5 - missing functions: none
symbol engine: initialized successfully - sym options: 0x614 - pdb path: .;C:\Users\cosmi\.jdks\openjdk-17.0.2\bin;C:\WINDOWS\SYSTEM32;C:\Program Files\Avast Software\Avast;C:\WINDOWS\WinSxS\amd64_microsoft.windows.common-controls_6595b64144ccf1df_6.0.19041.1110_none_60b5254171f9507e;C:\Users\cosmi\.jdks\openjdk-17.0.2\bin\server;C:\Program Files\JetBrains\IntelliJ IDEA Community Edition 2021.3.1\bin;C:\Users\cosmi\AppData\Local\Temp\lwjgl_cosmi\3.3.2+13\x64

VM Arguments:
jvm_args: -javaagent:C:\Program Files\JetBrains\IntelliJ IDEA Community Edition 2021.3.1\lib\idea_rt.jar=52428:C:\Program Files\JetBrains\IntelliJ IDEA Community Edition 2021.3.1\bin -Dfile.encoding=UTF-8 
java_command: com.example.coproject.gui.System_info
java_class_path (initial): C:\Users\cosmi\OneDrive\Desktop\CO-Project\CO-Project\Project\target\classes;C:\Users\cosmi\.m2\repository\org\openjfx\javafx-controls\17.0.1\javafx-controls-17.0.1.jar;C:\Users\cosmi\.m2\repository\org\openjfx\javafx-controls\17.0.1\javafx-controls-17.0.1-win.jar;C:\Users\cosmi\.m2\repository\org\openjfx\javafx-graphics\17.0.1\javafx-graphics-17.0.1.jar;C:\Users\cosmi\.m2\repository\org\openjfx\javafx-graphics\17.0.1\javafx-graphics-17.0.1-win.jar;C:\Users\cosmi\.m2\repository\org\openjfx\javafx-base\17.0.1\javafx-base-17.0.1.jar;C:\Users\cosmi\.m2\repository\org\openjfx\javafx-base\17.0.1\javafx-base-17.0.1-win.jar;C:\Users\cosmi\.m2\repository\org\openjfx\javafx-fxml\17.0.1\javafx-fxml-17.0.1.jar;C:\Users\cosmi\.m2\repository\org\openjfx\javafx-fxml\17.0.1\javafx-fxml-17.0.1-win.jar;C:\Users\cosmi\.m2\repository\org\openjfx\javafx-web\17.0.1\javafx-web-17.0.1.jar;C:\Users\cosmi\.m2\repository\org\openjfx\javafx-web\17.0.1\javafx-web-17.0.1-win.jar;C:\Users\cosmi\.m2\repository\org\openjfx\javafx-media\17.0.1\javafx-media-17.0.1.jar;C:\Users\cosmi\.m2\repository\org\openjfx\javafx-media\17.0.1\javafx-media-17.0.1-win.jar;C:\Users\cosmi\.m2\repository\org\controlsfx\controlsfx\11.1.0\controlsfx-11.1.0.jar;C:\Users\cosmi\.m2\repository\com\dlsc\formsfx\formsfx-core\11.3.2\formsfx-core-11.3.2.jar;C:\Users\cosmi\.m2\repository\net\synedra\validatorfx\0.1.13\validatorfx-0.1.13.jar;C:\Users\cosmi\.m2\repository\org\kordamp\ikonli\ikonli-javafx\12.2.0\ikonli-javafx-12.2.0.jar;C:\Users\cosmi\.m2\repository\org\kordamp\ikonli\ikonli-core\12.2.0\ikonli-core-12.2.0.jar;C:\Users\cosmi\.m2\repository\org\kordamp\bootstrapfx\bootstrapfx-core\0.4.0\bootstrapfx-core-0.4.0.jar;C:\Users\cosmi\.m2\repository\eu\hansolo\tilesfx\11.48\tilesfx-11.48.jar;C:\Users\cosmi\OneDrive\Desktop\CO-Project\CO-Project\jars\lwjgl.jar;C:\Users\cosmi\OneDrive\Desktop\CO-Project\CO-Project\jars\lwjgl-opengl.jar;C:\Users\cosmi\OneDrive\Desktop\CO-Project\CO-Project\jars\lwj
Launcher Type: SUN_STANDARD

[Global flags]
     intx CICompilerCount                          = 4                                         {product} {ergonomic}
     uint ConcGCThreads                            = 3                                         {product} {ergonomic}
     uint G1ConcRefinementThreads                  = 10                                        {product} {ergonomic}
   size_t G1HeapRegionSize                         = 2097152                                   {product} {ergonomic}
    uintx GCDrainStackTargetSize                   = 64                                        {product} {ergonomic}
   size_t InitialHeapSize                          = 266338304                                 {product} {ergonomic}
   size_t MarkStackSize                            = 4194304                                   {product} {ergonomic}
   size_t MaxHeapSize                              = 4255121408                                {product} {ergonomic}
   size_t MaxNewSize                               = 2552233984                                {product} {ergonomic}
   size_t MinHeapDeltaBytes                        = 2097152                                   {product} {ergonomic}
   size_t MinHeapSize                              = 8388608                                   {product} {ergonomic}
    uintx NonNMethodCodeHeapSize                   = 5839372                                {pd product} {ergonomic}
    uintx NonProfiledCodeHeapSize                  = 122909434                              {pd product} {ergonomic}
    uintx ProfiledCodeHeapSize                     = 122909434                              {pd product} {ergonomic}
    uintx ReservedCodeCacheSize                    = 251658240                              {pd product} {ergonomic}
     bool SegmentedCodeCache                       = true                                      {product} {ergonomic}
   size_t SoftMaxHeapSize                          = 4255121408                             {manageable} {ergonomic}
     bool UseCompressedClassPointers               = true                           {product lp64_product} {ergonomic}
     bool UseCompressedOops                        = true                           {product lp64_product} {ergonomic}
     bool UseG1GC                                  = true                                      {product} {ergonomic}
     bool UseLargePagesIndividualAllocation        = false                                  {pd product} {ergonomic}

Logging:
Log output configuration:
 #0: stdout all=warning uptime,level,tags
 #1: stderr all=off uptime,level,tags

Environment Variables:
PATH=C:\Program Files\NVIDIA GPU Computing Toolkit\CUDA\v12.1\bin;C:\Program Files\NVIDIA GPU Computing Toolkit\CUDA\v12.1\libnvvp;C:\Python311\Scripts\;C:\Python311\;C:\Program Files\Common Files\Oracle\Java\javapath;C:\Program Files\Eclipse Adoptium\jdk-17.0.1.12-hotspot\bin;C:\ProgramData\Oracle\Java\javapath;C:\WINDOWS\system32;C:\WINDOWS;C:\WINDOWS\System32\Wbem;C:\WINDOWS\System32\WindowsPowerShell\v1.0\;C:\WINDOWS\System32\OpenSSH\;C:\Program Files (x86)\NVIDIA Corporation\PhysX\Common;C:\MinGW\bin;C:\Program Files\Git\cmd;C:\Program Files\dotnet\;C:\Program Files\nodejs\;C:\ProgramData\chocolatey\bin;C:\Program Files\NVIDIA Corporation\Nsight Compute 2023.1.0\;C:\Program Files\NVIDIA Corporation\NVIDIA NvDLISR;C:\Program Files\MySQL\MySQL Shell 8.0\bin\;C:\Users\cosmi\AppData\Local\Microsoft\WindowsApps;C:\Users\cosmi\AppData\Local\Programs\Microsoft VS Code\bin;C:\Program Files\JetBrains\IntelliJ IDEA Community Edition 2021.3.1\bin;C:\Users\cosmi\.dotnet\tools;C:\Users\cosmi\OneDrive\Desktop\FlutterProjects\Flutter-Dart-Projects\flutter\bin;C:\Users\cosmi\AppData\Local\gitkraken\bin;C:\Users\cosmi\AppData\Local\JetBrains\Toolbox\scripts;C:\Users\cosmi\AppData\Roaming\npm
USERNAME=cosmi
OS=Windows_NT
PROCESSOR_IDENTIFIER=Intel64 Family 6 Model 158 Stepping 10, GenuineIntel



---------------  S Y S T E M  ---------------

OS:
 Windows 10 , 64 bit Build 19041 (10.0.19041.2788)
OS uptime: 4 days 19:08 hours

CPU: total 12 (initial active 12) (6 cores per cpu, 2 threads per core) family 6 model 158 stepping 10 microcode 0xb4, cx8, cmov, fxsr, ht, mmx, 3dnowpref, sse, sse2, sse3, ssse3, sse4.1, sse4.2, popcnt, lzcnt, tsc, tscinvbit, avx, avx2, aes, erms, clmul, bmi1, bmi2, adx, fma, vzeroupper, clflush, clflushopt

Memory: 4k page, system-wide physical 16231M (5788M free)
TotalPageFile size 19687M (AvailPageFile size 4834M)
current process WorkingSet (physical memory assigned to process): 45M, peak: 45M
current process commit charge ("private bytes"): 351M, peak: 351M

vm_info: OpenJDK 64-Bit Server VM (17.0.2+8-86) for windows-amd64 JRE (17.0.2+8-86), built on Dec  7 2021 21:49:10 by "mach5one" with MS VC++ 16.8 / 16.9 (VS2019)

END.
